
  .   ____          _            __ _ _
 /\\ / ___'_ __ _ _(_)_ __  __ _ \ \ \ \
( ( )\___ | '_ | '_| | '_ \/ _` | \ \ \ \
 \\/  ___)| |_)| | | | | || (_| |  ) ) ) )
  '  |____| .__|_| |_|_| |_\__, | / / / /
 =========|_|==============|___/=/_/_/_/
 :: Spring Boot ::                (v3.2.2)

2026-01-17T11:51:27.683+01:00  INFO 3164 --- [gateway-service] [           main] c.irrigation.gateway.GatewayApplication  : Starting GatewayApplication v1.0.0 using Java 17.0.12 with PID 3164 (C:\Users\MediaStudio\Desktop\salah\gateway-service\target\gateway-service-1.0.0.jar started by salah in C:\Users\MediaStudio\Desktop\salah)
2026-01-17T11:51:27.701+01:00  INFO 3164 --- [gateway-service] [           main] c.irrigation.gateway.GatewayApplication  : No active profile set, falling back to 1 default profile: "default"
2026-01-17T11:51:27.898+01:00  INFO 3164 --- [gateway-service] [           main] o.s.c.c.c.ConfigServerConfigDataLoader   : Fetching config from server at : http://localhost:8888
2026-01-17T11:51:27.898+01:00  INFO 3164 --- [gateway-service] [           main] o.s.c.c.c.ConfigServerConfigDataLoader   : Located environment: name=gateway-service, profiles=[default], label=null, version=null, state=null
2026-01-17T11:51:30.090+01:00  INFO 3164 --- [gateway-service] [           main] o.s.cloud.context.scope.GenericScope     : BeanFactory id=18335ce8-b30e-30e3-8738-bbd026b53cae
2026-01-17T11:51:30.321+01:00  WARN 3164 --- [gateway-service] [           main] trationDelegate$BeanPostProcessorChecker : Bean 'org.springframework.cloud.client.loadbalancer.LoadBalancerAutoConfiguration$LoadBalancerInterceptorConfig' of type [org.springframework.cloud.client.loadbalancer.LoadBalancerAutoConfiguration$LoadBalancerInterceptorConfig] is not eligible for getting processed by all BeanPostProcessors (for example: not eligible for auto-proxying). The currently created BeanPostProcessor [lbRestClientPostProcessor] is declared through a non-static factory method on that class; consider declaring it as static instead.
2026-01-17T11:51:30.328+01:00  WARN 3164 --- [gateway-service] [           main] trationDelegate$BeanPostProcessorChecker : Bean 'org.springframework.cloud.loadbalancer.config.BlockingLoadBalancerClientAutoConfiguration' of type [org.springframework.cloud.loadbalancer.config.BlockingLoadBalancerClientAutoConfiguration] is not eligible for getting processed by all BeanPostProcessors (for example: not eligible for auto-proxying). Is this bean getting eagerly injected into a currently created BeanPostProcessor [lbRestClientPostProcessor]? Check the corresponding BeanPostProcessor declaration and its dependencies.
2026-01-17T11:51:30.331+01:00  WARN 3164 --- [gateway-service] [           main] trationDelegate$BeanPostProcessorChecker : Bean 'org.springframework.cloud.loadbalancer.config.LoadBalancerAutoConfiguration' of type [org.springframework.cloud.loadbalancer.config.LoadBalancerAutoConfiguration] is not eligible for getting processed by all BeanPostProcessors (for example: not eligible for auto-proxying). Is this bean getting eagerly injected into a currently created BeanPostProcessor [lbRestClientPostProcessor]? Check the corresponding BeanPostProcessor declaration and its dependencies.
2026-01-17T11:51:30.349+01:00  WARN 3164 --- [gateway-service] [           main] trationDelegate$BeanPostProcessorChecker : Bean 'org.springframework.cloud.commons.config.CommonsConfigAutoConfiguration' of type [org.springframework.cloud.commons.config.CommonsConfigAutoConfiguration] is not eligible for getting processed by all BeanPostProcessors (for example: not eligible for auto-proxying). Is this bean getting eagerly injected into a currently created BeanPostProcessor [lbRestClientPostProcessor]? Check the corresponding BeanPostProcessor declaration and its dependencies.
2026-01-17T11:51:30.355+01:00  WARN 3164 --- [gateway-service] [           main] trationDelegate$BeanPostProcessorChecker : Bean 'org.springframework.cloud.client.loadbalancer.LoadBalancerDefaultMappingsProviderAutoConfiguration' of type [org.springframework.cloud.client.loadbalancer.LoadBalancerDefaultMappingsProviderAutoConfiguration] is not eligible for getting processed by all BeanPostProcessors (for example: not eligible for auto-proxying). Is this bean getting eagerly injected into a currently created BeanPostProcessor [lbRestClientPostProcessor]? Check the corresponding BeanPostProcessor declaration and its dependencies.
2026-01-17T11:51:30.392+01:00  WARN 3164 --- [gateway-service] [           main] trationDelegate$BeanPostProcessorChecker : Bean 'loadBalancerClientsDefaultsMappingsProvider' of type [org.springframework.cloud.client.loadbalancer.LoadBalancerDefaultMappingsProviderAutoConfiguration$$Lambda$519/0x0000026c58397790] is not eligible for getting processed by all BeanPostProcessors (for example: not eligible for auto-proxying). Is this bean getting eagerly injected into a currently created BeanPostProcessor [lbRestClientPostProcessor]? Check the corresponding BeanPostProcessor declaration and its dependencies.
2026-01-17T11:51:30.394+01:00  WARN 3164 --- [gateway-service] [           main] trationDelegate$BeanPostProcessorChecker : Bean 'defaultsBindHandlerAdvisor' of type [org.springframework.cloud.commons.config.DefaultsBindHandlerAdvisor] is not eligible for getting processed by all BeanPostProcessors (for example: not eligible for auto-proxying). Is this bean getting eagerly injected into a currently created BeanPostProcessor [lbRestClientPostProcessor]? Check the corresponding BeanPostProcessor declaration and its dependencies.
2026-01-17T11:51:30.406+01:00  WARN 3164 --- [gateway-service] [           main] trationDelegate$BeanPostProcessorChecker : Bean 'spring.cloud.loadbalancer-org.springframework.cloud.client.loadbalancer.LoadBalancerClientsProperties' of type [org.springframework.cloud.client.loadbalancer.LoadBalancerClientsProperties] is not eligible for getting processed by all BeanPostProcessors (for example: not eligible for auto-proxying). Is this bean getting eagerly injected into a currently created BeanPostProcessor [lbRestClientPostProcessor]? Check the corresponding BeanPostProcessor declaration and its dependencies.
2026-01-17T11:51:30.414+01:00  WARN 3164 --- [gateway-service] [           main] trationDelegate$BeanPostProcessorChecker : Bean 'default.org.springframework.cloud.loadbalancer.config.LoadBalancerAutoConfiguration.LoadBalancerClientSpecification' of type [org.springframework.cloud.loadbalancer.annotation.LoadBalancerClientSpecification] is not eligible for getting processed by all BeanPostProcessors (for example: not eligible for auto-proxying). Is this bean getting eagerly injected into a currently created BeanPostProcessor [lbRestClientPostProcessor]? Check the corresponding BeanPostProcessor declaration and its dependencies.
2026-01-17T11:51:30.416+01:00  WARN 3164 --- [gateway-service] [           main] trationDelegate$BeanPostProcessorChecker : Bean 'default.org.springframework.cloud.loadbalancer.config.BlockingLoadBalancerClientAutoConfiguration.LoadBalancerClientSpecification' of type [org.springframework.cloud.loadbalancer.annotation.LoadBalancerClientSpecification] is not eligible for getting processed by all BeanPostProcessors (for example: not eligible for auto-proxying). Is this bean getting eagerly injected into a currently created BeanPostProcessor [lbRestClientPostProcessor]? Check the corresponding BeanPostProcessor declaration and its dependencies.
2026-01-17T11:51:30.417+01:00  WARN 3164 --- [gateway-service] [           main] trationDelegate$BeanPostProcessorChecker : Bean 'default.org.springframework.cloud.netflix.eureka.loadbalancer.LoadBalancerEurekaAutoConfiguration.LoadBalancerClientSpecification' of type [org.springframework.cloud.loadbalancer.annotation.LoadBalancerClientSpecification] is not eligible for getting processed by all BeanPostProcessors (for example: not eligible for auto-proxying). Is this bean getting eagerly injected into a currently created BeanPostProcessor [lbRestClientPostProcessor]? Check the corresponding BeanPostProcessor declaration and its dependencies.
2026-01-17T11:51:30.419+01:00  WARN 3164 --- [gateway-service] [           main] trationDelegate$BeanPostProcessorChecker : Bean 'loadBalancerClientFactory' of type [org.springframework.cloud.loadbalancer.support.LoadBalancerClientFactory] is not eligible for getting processed by all BeanPostProcessors (for example: not eligible for auto-proxying). Is this bean getting eagerly injected into a currently created BeanPostProcessor [lbRestClientPostProcessor]? Check the corresponding BeanPostProcessor declaration and its dependencies.
2026-01-17T11:51:30.423+01:00  WARN 3164 --- [gateway-service] [           main] trationDelegate$BeanPostProcessorChecker : Bean 'blockingLoadBalancerClient' of type [org.springframework.cloud.loadbalancer.blocking.client.BlockingLoadBalancerClient] is not eligible for getting processed by all BeanPostProcessors (for example: not eligible for auto-proxying). Is this bean getting eagerly injected into a currently created BeanPostProcessor [lbRestClientPostProcessor]? Check the corresponding BeanPostProcessor declaration and its dependencies.
2026-01-17T11:51:30.438+01:00  WARN 3164 --- [gateway-service] [           main] trationDelegate$BeanPostProcessorChecker : Bean 'loadBalancerServiceInstanceCookieTransformer' of type [org.springframework.cloud.loadbalancer.core.LoadBalancerServiceInstanceCookieTransformer] is not eligible for getting processed by all BeanPostProcessors (for example: not eligible for auto-proxying). Is this bean getting eagerly injected into a currently created BeanPostProcessor [lbRestClientPostProcessor]? Check the corresponding BeanPostProcessor declaration and its dependencies.
2026-01-17T11:51:30.440+01:00  WARN 3164 --- [gateway-service] [           main] trationDelegate$BeanPostProcessorChecker : Bean 'xForwarderHeadersTransformer' of type [org.springframework.cloud.loadbalancer.blocking.XForwardedHeadersTransformer] is not eligible for getting processed by all BeanPostProcessors (for example: not eligible for auto-proxying). Is this bean getting eagerly injected into a currently created BeanPostProcessor [lbRestClientPostProcessor]? Check the corresponding BeanPostProcessor declaration and its dependencies.
2026-01-17T11:51:30.442+01:00  WARN 3164 --- [gateway-service] [           main] trationDelegate$BeanPostProcessorChecker : Bean 'org.springframework.cloud.client.loadbalancer.LoadBalancerAutoConfiguration' of type [org.springframework.cloud.client.loadbalancer.LoadBalancerAutoConfiguration] is not eligible for getting processed by all BeanPostProcessors (for example: not eligible for auto-proxying). Is this bean getting eagerly injected into a currently created BeanPostProcessor [lbRestClientPostProcessor]? Check the corresponding BeanPostProcessor declaration and its dependencies.
2026-01-17T11:51:30.445+01:00  WARN 3164 --- [gateway-service] [           main] trationDelegate$BeanPostProcessorChecker : Bean 'loadBalancerRequestFactory' of type [org.springframework.cloud.client.loadbalancer.LoadBalancerRequestFactory] is not eligible for getting processed by all BeanPostProcessors (for example: not eligible for auto-proxying). Is this bean getting eagerly injected into a currently created BeanPostProcessor [lbRestClientPostProcessor]? Check the corresponding BeanPostProcessor declaration and its dependencies.
2026-01-17T11:51:30.445+01:00  WARN 3164 --- [gateway-service] [           main] trationDelegate$BeanPostProcessorChecker : Bean 'loadBalancerInterceptor' of type [org.springframework.cloud.client.loadbalancer.LoadBalancerInterceptor] is not eligible for getting processed by all BeanPostProcessors (for example: not eligible for auto-proxying). Is this bean getting eagerly injected into a currently created BeanPostProcessor [lbRestClientPostProcessor]? Check the corresponding BeanPostProcessor declaration and its dependencies.
2026-01-17T11:51:30.448+01:00  WARN 3164 --- [gateway-service] [           main] trationDelegate$BeanPostProcessorChecker : Bean 'org.springframework.cloud.client.loadbalancer.reactive.LoadBalancerBeanPostProcessorAutoConfiguration' of type [org.springframework.cloud.client.loadbalancer.reactive.LoadBalancerBeanPostProcessorAutoConfiguration] is not eligible for getting processed by all BeanPostProcessors (for example: not eligible for auto-proxying). The currently created BeanPostProcessor [loadBalancerWebClientBuilderBeanPostProcessor] is declared through a non-static factory method on that class; consider declaring it as static instead.
2026-01-17T11:51:30.451+01:00  WARN 3164 --- [gateway-service] [           main] trationDelegate$BeanPostProcessorChecker : Bean 'org.springframework.cloud.client.loadbalancer.reactive.LoadBalancerBeanPostProcessorAutoConfiguration$ReactorDeferringLoadBalancerFilterConfig' of type [org.springframework.cloud.client.loadbalancer.reactive.LoadBalancerBeanPostProcessorAutoConfiguration$ReactorDeferringLoadBalancerFilterConfig] is not eligible for getting processed by all BeanPostProcessors (for example: not eligible for auto-proxying). Is this bean getting eagerly injected into a currently created BeanPostProcessor [loadBalancerWebClientBuilderBeanPostProcessor]? Check the corresponding BeanPostProcessor declaration and its dependencies.
2026-01-17T11:51:30.453+01:00  WARN 3164 --- [gateway-service] [           main] trationDelegate$BeanPostProcessorChecker : Bean 'reactorDeferringLoadBalancerExchangeFilterFunction' of type [org.springframework.cloud.client.loadbalancer.reactive.DeferringLoadBalancerExchangeFilterFunction] is not eligible for getting processed by all BeanPostProcessors (for example: not eligible for auto-proxying). Is this bean getting eagerly injected into a currently created BeanPostProcessor [loadBalancerWebClientBuilderBeanPostProcessor]? Check the corresponding BeanPostProcessor declaration and its dependencies.
2026-01-17T11:51:35.194+01:00  INFO 3164 --- [gateway-service] [           main] o.s.c.g.r.RouteDefinitionRouteLocator    : Loaded RoutePredicateFactory [After]
2026-01-17T11:51:35.196+01:00  INFO 3164 --- [gateway-service] [           main] o.s.c.g.r.RouteDefinitionRouteLocator    : Loaded RoutePredicateFactory [Before]
2026-01-17T11:51:35.196+01:00  INFO 3164 --- [gateway-service] [           main] o.s.c.g.r.RouteDefinitionRouteLocator    : Loaded RoutePredicateFactory [Between]
2026-01-17T11:51:35.197+01:00  INFO 3164 --- [gateway-service] [           main] o.s.c.g.r.RouteDefinitionRouteLocator    : Loaded RoutePredicateFactory [Cookie]
2026-01-17T11:51:35.197+01:00  INFO 3164 --- [gateway-service] [           main] o.s.c.g.r.RouteDefinitionRouteLocator    : Loaded RoutePredicateFactory [Header]
2026-01-17T11:51:35.197+01:00  INFO 3164 --- [gateway-service] [           main] o.s.c.g.r.RouteDefinitionRouteLocator    : Loaded RoutePredicateFactory [Host]
2026-01-17T11:51:35.198+01:00  INFO 3164 --- [gateway-service] [           main] o.s.c.g.r.RouteDefinitionRouteLocator    : Loaded RoutePredicateFactory [Method]
2026-01-17T11:51:35.198+01:00  INFO 3164 --- [gateway-service] [           main] o.s.c.g.r.RouteDefinitionRouteLocator    : Loaded RoutePredicateFactory [Path]
2026-01-17T11:51:35.198+01:00  INFO 3164 --- [gateway-service] [           main] o.s.c.g.r.RouteDefinitionRouteLocator    : Loaded RoutePredicateFactory [Query]
2026-01-17T11:51:35.198+01:00  INFO 3164 --- [gateway-service] [           main] o.s.c.g.r.RouteDefinitionRouteLocator    : Loaded RoutePredicateFactory [ReadBody]
2026-01-17T11:51:35.198+01:00  INFO 3164 --- [gateway-service] [           main] o.s.c.g.r.RouteDefinitionRouteLocator    : Loaded RoutePredicateFactory [RemoteAddr]
2026-01-17T11:51:35.198+01:00  INFO 3164 --- [gateway-service] [           main] o.s.c.g.r.RouteDefinitionRouteLocator    : Loaded RoutePredicateFactory [XForwardedRemoteAddr]
2026-01-17T11:51:35.200+01:00  INFO 3164 --- [gateway-service] [           main] o.s.c.g.r.RouteDefinitionRouteLocator    : Loaded RoutePredicateFactory [Weight]
2026-01-17T11:51:35.200+01:00  INFO 3164 --- [gateway-service] [           main] o.s.c.g.r.RouteDefinitionRouteLocator    : Loaded RoutePredicateFactory [CloudFoundryRouteService]
2026-01-17T11:51:35.681+01:00  INFO 3164 --- [gateway-service] [           main] DiscoveryClientOptionalArgsConfiguration : Eureka HTTP Client uses RestTemplate.
2026-01-17T11:51:36.284+01:00  WARN 3164 --- [gateway-service] [           main] iguration$LoadBalancerCaffeineWarnLogger : Spring Cloud LoadBalancer is currently working with the default cache. While this cache implementation is useful for development and tests, it's recommended to use Caffeine cache in production.You can switch to using Caffeine cache, by adding it and org.springframework.cache.caffeine.CaffeineCacheManager to the classpath.
2026-01-17T11:51:36.409+01:00  INFO 3164 --- [gateway-service] [           main] o.s.c.n.eureka.InstanceInfoFactory       : Setting initial instance status as: STARTING
2026-01-17T11:51:36.771+01:00  INFO 3164 --- [gateway-service] [           main] com.netflix.discovery.DiscoveryClient    : Initializing Eureka in region us-east-1
2026-01-17T11:51:36.790+01:00  INFO 3164 --- [gateway-service] [           main] c.n.d.s.r.aws.ConfigClusterResolver      : Resolving eureka endpoints via configuration
2026-01-17T11:51:36.852+01:00  INFO 3164 --- [gateway-service] [           main] com.netflix.discovery.DiscoveryClient    : Disable delta property : false
2026-01-17T11:51:36.853+01:00  INFO 3164 --- [gateway-service] [           main] com.netflix.discovery.DiscoveryClient    : Single vip registry refresh property : null
2026-01-17T11:51:36.854+01:00  INFO 3164 --- [gateway-service] [           main] com.netflix.discovery.DiscoveryClient    : Force full registry fetch : false
2026-01-17T11:51:36.854+01:00  INFO 3164 --- [gateway-service] [           main] com.netflix.discovery.DiscoveryClient    : Application is null : false
2026-01-17T11:51:36.855+01:00  INFO 3164 --- [gateway-service] [           main] com.netflix.discovery.DiscoveryClient    : Registered Applications size is zero : true
2026-01-17T11:51:36.855+01:00  INFO 3164 --- [gateway-service] [           main] com.netflix.discovery.DiscoveryClient    : Application version is -1: true
2026-01-17T11:51:36.855+01:00  INFO 3164 --- [gateway-service] [           main] com.netflix.discovery.DiscoveryClient    : Getting all instance registry info from the eureka server
2026-01-17T11:51:37.614+01:00  INFO 3164 --- [gateway-service] [           main] com.netflix.discovery.DiscoveryClient    : The response status is 200
2026-01-17T11:51:37.621+01:00  INFO 3164 --- [gateway-service] [           main] com.netflix.discovery.DiscoveryClient    : Starting heartbeat executor: renew interval is: 30
2026-01-17T11:51:37.628+01:00  INFO 3164 --- [gateway-service] [           main] c.n.discovery.InstanceInfoReplicator     : InstanceInfoReplicator onDemand update allowed rate per min is 4
2026-01-17T11:51:37.646+01:00  INFO 3164 --- [gateway-service] [           main] com.netflix.discovery.DiscoveryClient    : Discovery Client initialized at timestamp 1768647097645 with initial instances count: 1
2026-01-17T11:51:37.650+01:00  INFO 3164 --- [gateway-service] [           main] o.s.c.n.e.s.EurekaServiceRegistry        : Registering application GATEWAY-SERVICE with eureka with status UP
2026-01-17T11:51:37.658+01:00  INFO 3164 --- [gateway-service] [           main] com.netflix.discovery.DiscoveryClient    : Saw local status change event StatusChangeEvent [timestamp=1768647097658, current=UP, previous=STARTING]
2026-01-17T11:51:37.663+01:00  INFO 3164 --- [gateway-service] [nfoReplicator-0] com.netflix.discovery.DiscoveryClient    : DiscoveryClient_GATEWAY-SERVICE/DESKTOP-NC7E353.lan:gateway-service:8887: registering service...
2026-01-17T11:51:37.912+01:00  INFO 3164 --- [gateway-service] [nfoReplicator-0] com.netflix.discovery.DiscoveryClient    : DiscoveryClient_GATEWAY-SERVICE/DESKTOP-NC7E353.lan:gateway-service:8887 - registration status: 204
2026-01-17T11:51:38.735+01:00  INFO 3164 --- [gateway-service] [           main] o.s.b.web.embedded.netty.NettyWebServer  : Netty started on port 8887
2026-01-17T11:51:38.737+01:00  INFO 3164 --- [gateway-service] [           main] .s.c.n.e.s.EurekaAutoServiceRegistration : Updating port to 8887
2026-01-17T11:51:40.091+01:00  INFO 3164 --- [gateway-service] [           main] c.irrigation.gateway.GatewayApplication  : Started GatewayApplication in 15.92 seconds (process running for 17.196)
